F:\EBook\d3d11CodeSet1\Chapter 6 Drawing in Direct3D\Shapes\Debug\cl.command.1.tlog
F:\EBook\d3d11CodeSet1\Chapter 6 Drawing in Direct3D\Shapes\Debug\CL.read.1.tlog
F:\EBook\d3d11CodeSet1\Chapter 6 Drawing in Direct3D\Shapes\Debug\CL.write.1.tlog
F:\EBook\d3d11CodeSet1\Chapter 6 Drawing in Direct3D\Shapes\Debug\custombuild.command.1.tlog
F:\EBook\d3d11CodeSet1\Chapter 6 Drawing in Direct3D\Shapes\Debug\custombuild.read.1.tlog
F:\EBook\d3d11CodeSet1\Chapter 6 Drawing in Direct3D\Shapes\Debug\custombuild.write.1.tlog
F:\EBOOK\D3D11CODESET1\CHAPTER 6 DRAWING IN DIRECT3D\SHAPES\DEBUG\D3DAPP.OBJ
F:\EBOOK\D3D11CODESET1\CHAPTER 6 DRAWING IN DIRECT3D\SHAPES\DEBUG\D3DUTIL.OBJ
F:\EBOOK\D3D11CODESET1\CHAPTER 6 DRAWING IN DIRECT3D\SHAPES\DEBUG\GAMETIMER.OBJ
F:\EBOOK\D3D11CODESET1\CHAPTER 6 DRAWING IN DIRECT3D\SHAPES\DEBUG\GEOMETRYGENERATOR.OBJ
F:\EBook\d3d11CodeSet1\Chapter 6 Drawing in Direct3D\Shapes\Debug\link.command.1.tlog
F:\EBook\d3d11CodeSet1\Chapter 6 Drawing in Direct3D\Shapes\Debug\link.read.1.tlog
F:\EBook\d3d11CodeSet1\Chapter 6 Drawing in Direct3D\Shapes\Debug\link.write.1.tlog
F:\EBOOK\D3D11CODESET1\CHAPTER 6 DRAWING IN DIRECT3D\SHAPES\DEBUG\MATHHELPER.OBJ
F:\EBook\d3d11CodeSet1\Chapter 6 Drawing in Direct3D\Shapes\Debug\rc.command.1.tlog
F:\EBook\d3d11CodeSet1\Chapter 6 Drawing in Direct3D\Shapes\Debug\rc.read.1.tlog
F:\EBook\d3d11CodeSet1\Chapter 6 Drawing in Direct3D\Shapes\Debug\rc.write.1.tlog
F:\EBook\d3d11CodeSet1\Chapter 6 Drawing in Direct3D\Shapes\Debug\Shapes.exe
F:\EBook\d3d11CodeSet1\Chapter 6 Drawing in Direct3D\Shapes\Debug\Shapes.exe.embed.manifest
F:\EBOOK\D3D11CODESET1\CHAPTER 6 DRAWING IN DIRECT3D\SHAPES\DEBUG\SHAPES.EXE.EMBED.MANIFEST.RES
F:\EBook\d3d11CodeSet1\Chapter 6 Drawing in Direct3D\Shapes\Debug\Shapes.write.1.tlog
F:\EBook\d3d11CodeSet1\Chapter 6 Drawing in Direct3D\Shapes\Debug\Shapes_manifest.rc
F:\EBOOK\D3D11CODESET1\CHAPTER 6 DRAWING IN DIRECT3D\SHAPES\DEBUG\SHAPESDEMO.OBJ
F:\EBook\d3d11CodeSet1\Chapter 6 Drawing in Direct3D\Shapes\Debug\vc100.idb
F:\EBOOK\D3D11CODESET1\CHAPTER 6 DRAWING IN DIRECT3D\SHAPES\DEBUG\VC100.PDB
F:\EBOOK\D3D11CODESET1\CHAPTER 6 DRAWING IN DIRECT3D\SHAPES\FX\COLOR.FXO
