生成启动时间为 2017/11/8 12:11:46。
     1>项目“F:\电子书籍\d3d11CodeSet1\Chapter 6 Drawing in Direct3D\Box\Box.vcxproj”在节点 2 上(build 个目标)。
     1>InitializeBuildStatus:
         正在创建“Debug\Box.unsuccessfulbuild”，因为已指定“AlwaysCreate”。
       ClCompile:
         C:\Program Files (x86)\Microsoft Visual Studio 10.0\VC\bin\CL.exe /c /ZI /nologo /W3 /WX- /Od /Oy- /D WIN32 /D _DEBUG /D _WINDOWS /D _UNICODE /D UNICODE /Gm /EHsc /RTC1 /MDd /GS /fp:precise /Zc:wchar_t /Zc:forScope /Fo"Debug\\" /Fd"Debug\vc100.pdb" /Gd /TP /analyze- /errorReport:prompt BoxDemo.cpp
         BoxDemo.cpp
       ManifestResourceCompile:
         所有输出均为最新。
       Link:
         C:\Program Files (x86)\Microsoft Visual Studio 10.0\VC\bin\link.exe /ERRORREPORT:PROMPT /OUT:"F:\电子书籍\d3d11CodeSet1\Chapter 6 Drawing in Direct3D\Box\Debug\Box.exe" /INCREMENTAL /NOLOGO d3d11.lib d3dx11d.lib D3DCompiler.lib Effects11d.lib dxerr.lib dxgi.lib dxguid.lib kernel32.lib user32.lib gdi32.lib winspool.lib comdlg32.lib advapi32.lib shell32.lib ole32.lib oleaut32.lib uuid.lib odbc32.lib odbccp32.lib kernel32.lib user32.lib gdi32.lib winspool.lib comdlg32.lib advapi32.lib shell32.lib ole32.lib oleaut32.lib uuid.lib odbc32.lib odbccp32.lib /MANIFEST /ManifestFile:"Debug\Box.exe.intermediate.manifest" /MANIFESTUAC:"level='asInvoker' uiAccess='false'" /DEBUG /PDB:"F:\电子书籍\d3d11CodeSet1\Chapter 6 Drawing in Direct3D\Box\Debug\Box.pdb" /SUBSYSTEM:WINDOWS /TLBID:1 /DYNAMICBASE /NXCOMPAT /IMPLIB:"F:\电子书籍\d3d11CodeSet1\Chapter 6 Drawing in Direct3D\Box\Debug\Box.lib" /MACHINE:X86 Debug\Box.exe.embed.manifest.res
         Debug\d3dApp.obj
         Debug\d3dUtil.obj
         Debug\GameTimer.obj
         Debug\GeometryGenerator.obj
         Debug\MathHelper.obj
         Debug\BoxDemo.obj
       Manifest:
         C:\Program Files (x86)\Microsoft SDKs\Windows\v7.0A\bin\mt.exe /nologo /verbose /out:"Debug\Box.exe.embed.manifest" /manifest Debug\Box.exe.intermediate.manifest
         所有输出均为最新。
       LinkEmbedManifest:
         所有输出均为最新。
         Box.vcxproj -> F:\电子书籍\d3d11CodeSet1\Chapter 6 Drawing in Direct3D\Box\Debug\Box.exe
       FinalizeBuildStatus:
         正在删除文件“Debug\Box.unsuccessfulbuild”。
         正在对“Debug\Box.lastbuildstate”执行 Touch 任务。
     1>已完成生成项目“F:\电子书籍\d3d11CodeSet1\Chapter 6 Drawing in Direct3D\Box\Box.vcxproj”(build 个目标)的操作。

生成成功。

已用时间 00:00:03.30
