F:\电子书籍\d3d11CodeSet1\Chapter 6 Drawing in Direct3D\Box\Debug\Box.exe
F:\电子书籍\d3d11CodeSet1\Chapter 6 Drawing in Direct3D\Box\Debug\Box.exe.embed.manifest
F:\电子书籍\D3D11CODESET1\CHAPTER 6 DRAWING IN DIRECT3D\BOX\DEBUG\BOX.EXE.EMBED.MANIFEST.RES
F:\电子书籍\d3d11CodeSet1\Chapter 6 Drawing in Direct3D\Box\Debug\Box.exe.intermediate.manifest
F:\电子书籍\d3d11CodeSet1\Chapter 6 Drawing in Direct3D\Box\Debug\Box.exp
F:\电子书籍\d3d11CodeSet1\Chapter 6 Drawing in Direct3D\Box\Debug\Box.ilk
F:\电子书籍\d3d11CodeSet1\Chapter 6 Drawing in Direct3D\Box\Debug\Box.lib
F:\电子书籍\d3d11CodeSet1\Chapter 6 Drawing in Direct3D\Box\Debug\Box.pdb
F:\电子书籍\d3d11CodeSet1\Chapter 6 Drawing in Direct3D\Box\Debug\Box.vcxprojResolveAssemblyReference.cache
F:\电子书籍\d3d11CodeSet1\Chapter 6 Drawing in Direct3D\Box\Debug\Box.write.1.tlog
F:\电子书籍\d3d11CodeSet1\Chapter 6 Drawing in Direct3D\Box\Debug\Box_manifest.rc
F:\电子书籍\D3D11CODESET1\CHAPTER 6 DRAWING IN DIRECT3D\BOX\DEBUG\BOXDEMO.OBJ
F:\电子书籍\d3d11CodeSet1\Chapter 6 Drawing in Direct3D\Box\Debug\cl.command.1.tlog
F:\电子书籍\d3d11CodeSet1\Chapter 6 Drawing in Direct3D\Box\Debug\CL.read.1.tlog
F:\电子书籍\d3d11CodeSet1\Chapter 6 Drawing in Direct3D\Box\Debug\CL.write.1.tlog
F:\电子书籍\d3d11CodeSet1\Chapter 6 Drawing in Direct3D\Box\Debug\custombuild.command.1.tlog
F:\电子书籍\d3d11CodeSet1\Chapter 6 Drawing in Direct3D\Box\Debug\custombuild.read.1.tlog
F:\电子书籍\d3d11CodeSet1\Chapter 6 Drawing in Direct3D\Box\Debug\custombuild.write.1.tlog
F:\电子书籍\D3D11CODESET1\CHAPTER 6 DRAWING IN DIRECT3D\BOX\DEBUG\D3DAPP.OBJ
F:\电子书籍\D3D11CODESET1\CHAPTER 6 DRAWING IN DIRECT3D\BOX\DEBUG\D3DUTIL.OBJ
F:\电子书籍\D3D11CODESET1\CHAPTER 6 DRAWING IN DIRECT3D\BOX\DEBUG\GAMETIMER.OBJ
F:\电子书籍\D3D11CODESET1\CHAPTER 6 DRAWING IN DIRECT3D\BOX\DEBUG\GEOMETRYGENERATOR.OBJ
F:\电子书籍\d3d11CodeSet1\Chapter 6 Drawing in Direct3D\Box\Debug\link.11536.read.1.tlog
F:\电子书籍\d3d11CodeSet1\Chapter 6 Drawing in Direct3D\Box\Debug\link.11536.write.1.tlog
F:\电子书籍\d3d11CodeSet1\Chapter 6 Drawing in Direct3D\Box\Debug\link.11536-cvtres.read.1.tlog
F:\电子书籍\d3d11CodeSet1\Chapter 6 Drawing in Direct3D\Box\Debug\link.11536-cvtres.write.1.tlog
F:\电子书籍\d3d11CodeSet1\Chapter 6 Drawing in Direct3D\Box\Debug\link.12536.read.1.tlog
F:\电子书籍\d3d11CodeSet1\Chapter 6 Drawing in Direct3D\Box\Debug\link.12536.write.1.tlog
F:\电子书籍\d3d11CodeSet1\Chapter 6 Drawing in Direct3D\Box\Debug\link.12536-cvtres.read.1.tlog
F:\电子书籍\d3d11CodeSet1\Chapter 6 Drawing in Direct3D\Box\Debug\link.12536-cvtres.write.1.tlog
F:\电子书籍\d3d11CodeSet1\Chapter 6 Drawing in Direct3D\Box\Debug\link.2132.read.1.tlog
F:\电子书籍\d3d11CodeSet1\Chapter 6 Drawing in Direct3D\Box\Debug\link.2132.write.1.tlog
F:\电子书籍\d3d11CodeSet1\Chapter 6 Drawing in Direct3D\Box\Debug\link.2132-cvtres.read.1.tlog
F:\电子书籍\d3d11CodeSet1\Chapter 6 Drawing in Direct3D\Box\Debug\link.2132-cvtres.write.1.tlog
F:\电子书籍\d3d11CodeSet1\Chapter 6 Drawing in Direct3D\Box\Debug\link.3360.read.1.tlog
F:\电子书籍\d3d11CodeSet1\Chapter 6 Drawing in Direct3D\Box\Debug\link.3360.write.1.tlog
F:\电子书籍\d3d11CodeSet1\Chapter 6 Drawing in Direct3D\Box\Debug\link.3360-cvtres.read.1.tlog
F:\电子书籍\d3d11CodeSet1\Chapter 6 Drawing in Direct3D\Box\Debug\link.3360-cvtres.write.1.tlog
F:\电子书籍\d3d11CodeSet1\Chapter 6 Drawing in Direct3D\Box\Debug\link.9876.read.1.tlog
F:\电子书籍\d3d11CodeSet1\Chapter 6 Drawing in Direct3D\Box\Debug\link.9876.write.1.tlog
F:\电子书籍\d3d11CodeSet1\Chapter 6 Drawing in Direct3D\Box\Debug\link.9876-cvtres.read.1.tlog
F:\电子书籍\d3d11CodeSet1\Chapter 6 Drawing in Direct3D\Box\Debug\link.9876-cvtres.write.1.tlog
F:\电子书籍\d3d11CodeSet1\Chapter 6 Drawing in Direct3D\Box\Debug\link.9980.read.1.tlog
F:\电子书籍\d3d11CodeSet1\Chapter 6 Drawing in Direct3D\Box\Debug\link.9980.write.1.tlog
F:\电子书籍\d3d11CodeSet1\Chapter 6 Drawing in Direct3D\Box\Debug\link.9980-cvtres.read.1.tlog
F:\电子书籍\d3d11CodeSet1\Chapter 6 Drawing in Direct3D\Box\Debug\link.9980-cvtres.write.1.tlog
F:\电子书籍\d3d11CodeSet1\Chapter 6 Drawing in Direct3D\Box\Debug\link.command.1.tlog
F:\电子书籍\d3d11CodeSet1\Chapter 6 Drawing in Direct3D\Box\Debug\link.read.1.tlog
F:\电子书籍\d3d11CodeSet1\Chapter 6 Drawing in Direct3D\Box\Debug\link.write.1.tlog
F:\电子书籍\d3d11CodeSet1\Chapter 6 Drawing in Direct3D\Box\Debug\link-cvtres.read.1.tlog
F:\电子书籍\d3d11CodeSet1\Chapter 6 Drawing in Direct3D\Box\Debug\link-cvtres.write.1.tlog
F:\电子书籍\d3d11CodeSet1\Chapter 6 Drawing in Direct3D\Box\Debug\link-rc.read.1.tlog
F:\电子书籍\d3d11CodeSet1\Chapter 6 Drawing in Direct3D\Box\Debug\link-rc.write.1.tlog
F:\电子书籍\D3D11CODESET1\CHAPTER 6 DRAWING IN DIRECT3D\BOX\DEBUG\MATHHELPER.OBJ
F:\电子书籍\d3d11CodeSet1\Chapter 6 Drawing in Direct3D\Box\Debug\mt.command.1.tlog
F:\电子书籍\d3d11CodeSet1\Chapter 6 Drawing in Direct3D\Box\Debug\mt.read.1.tlog
F:\电子书籍\d3d11CodeSet1\Chapter 6 Drawing in Direct3D\Box\Debug\mt.write.1.tlog
F:\电子书籍\d3d11CodeSet1\Chapter 6 Drawing in Direct3D\Box\Debug\rc.command.1.tlog
F:\电子书籍\d3d11CodeSet1\Chapter 6 Drawing in Direct3D\Box\Debug\rc.read.1.tlog
F:\电子书籍\d3d11CodeSet1\Chapter 6 Drawing in Direct3D\Box\Debug\rc.write.1.tlog
F:\电子书籍\d3d11CodeSet1\Chapter 6 Drawing in Direct3D\Box\Debug\vc100.idb
F:\电子书籍\D3D11CODESET1\CHAPTER 6 DRAWING IN DIRECT3D\BOX\DEBUG\VC100.PDB
F:\电子书籍\d3d11CodeSet1\Chapter 6 Drawing in Direct3D\Box\Debug\vc110.idb
F:\电子书籍\d3d11CodeSet1\Chapter 6 Drawing in Direct3D\Box\Debug\vc110.pdb
F:\电子书籍\龙书11代码\D3D11CODESET1\CHAPTER 6 DRAWING IN DIRECT3D\BOX\DEBUG\BOX.EXE
F:\电子书籍\龙书11代码\D3D11CODESET1\CHAPTER 6 DRAWING IN DIRECT3D\BOX\DEBUG\BOX.EXE.EMBED.MANIFEST
F:\电子书籍\龙书11代码\D3D11CODESET1\CHAPTER 6 DRAWING IN DIRECT3D\BOX\DEBUG\BOX.EXE.EMBED.MANIFEST.RES
F:\电子书籍\龙书11代码\D3D11CODESET1\CHAPTER 6 DRAWING IN DIRECT3D\BOX\DEBUG\BOX.EXE.INTERMEDIATE.MANIFEST
F:\电子书籍\龙书11代码\d3d11CodeSet1\Chapter 6 Drawing in Direct3D\Box\Debug\Box.exp
F:\电子书籍\龙书11代码\D3D11CODESET1\CHAPTER 6 DRAWING IN DIRECT3D\BOX\DEBUG\BOX.ILK
F:\电子书籍\龙书11代码\d3d11CodeSet1\Chapter 6 Drawing in Direct3D\Box\Debug\Box.lib
F:\电子书籍\龙书11代码\D3D11CODESET1\CHAPTER 6 DRAWING IN DIRECT3D\BOX\DEBUG\BOX.PDB
F:\电子书籍\龙书11代码\D3D11CODESET1\CHAPTER 6 DRAWING IN DIRECT3D\BOX\DEBUG\BOXDEMO.OBJ
F:\电子书籍\龙书11代码\D3D11CODESET1\CHAPTER 6 DRAWING IN DIRECT3D\BOX\DEBUG\D3DAPP.OBJ
F:\电子书籍\龙书11代码\D3D11CODESET1\CHAPTER 6 DRAWING IN DIRECT3D\BOX\DEBUG\D3DUTIL.OBJ
F:\电子书籍\龙书11代码\D3D11CODESET1\CHAPTER 6 DRAWING IN DIRECT3D\BOX\DEBUG\GAMETIMER.OBJ
F:\电子书籍\龙书11代码\D3D11CODESET1\CHAPTER 6 DRAWING IN DIRECT3D\BOX\DEBUG\GEOMETRYGENERATOR.OBJ
F:\电子书籍\龙书11代码\D3D11CODESET1\CHAPTER 6 DRAWING IN DIRECT3D\BOX\DEBUG\MATHHELPER.OBJ
F:\电子书籍\龙书11代码\D3D11CODESET1\CHAPTER 6 DRAWING IN DIRECT3D\BOX\DEBUG\VC100.PDB
F:\电子书籍\龙书11代码\D3D11CODESET1\CHAPTER 6 DRAWING IN DIRECT3D\BOX\DEBUG\VC110.PDB
F:\电子书籍\龙书11代码\D3D11CODESET1\CHAPTER 6 DRAWING IN DIRECT3D\BOX\FX\COLOR.FXO
