F:\EBook\d3d11CodeSet1\Chapter 6 Drawing in Direct3D\Hills\Debug\cl.command.1.tlog
F:\EBook\d3d11CodeSet1\Chapter 6 Drawing in Direct3D\Hills\Debug\CL.read.1.tlog
F:\EBook\d3d11CodeSet1\Chapter 6 Drawing in Direct3D\Hills\Debug\CL.write.1.tlog
F:\EBook\d3d11CodeSet1\Chapter 6 Drawing in Direct3D\Hills\Debug\custombuild.command.1.tlog
F:\EBook\d3d11CodeSet1\Chapter 6 Drawing in Direct3D\Hills\Debug\custombuild.read.1.tlog
F:\EBook\d3d11CodeSet1\Chapter 6 Drawing in Direct3D\Hills\Debug\custombuild.write.1.tlog
F:\EBOOK\D3D11CODESET1\CHAPTER 6 DRAWING IN DIRECT3D\HILLS\DEBUG\D3DAPP.OBJ
F:\EBOOK\D3D11CODESET1\CHAPTER 6 DRAWING IN DIRECT3D\HILLS\DEBUG\D3DUTIL.OBJ
F:\EBOOK\D3D11CODESET1\CHAPTER 6 DRAWING IN DIRECT3D\HILLS\DEBUG\GAMETIMER.OBJ
F:\EBOOK\D3D11CODESET1\CHAPTER 6 DRAWING IN DIRECT3D\HILLS\DEBUG\GEOMETRYGENERATOR.OBJ
F:\EBook\d3d11CodeSet1\Chapter 6 Drawing in Direct3D\Hills\Debug\Hills.exe.embed.manifest
F:\EBOOK\D3D11CODESET1\CHAPTER 6 DRAWING IN DIRECT3D\HILLS\DEBUG\HILLS.EXE.EMBED.MANIFEST.RES
F:\EBook\d3d11CodeSet1\Chapter 6 Drawing in Direct3D\Hills\Debug\Hills.write.1.tlog
F:\EBook\d3d11CodeSet1\Chapter 6 Drawing in Direct3D\Hills\Debug\Hills_manifest.rc
F:\EBOOK\D3D11CODESET1\CHAPTER 6 DRAWING IN DIRECT3D\HILLS\DEBUG\HILLSDEMO.OBJ
F:\EBook\d3d11CodeSet1\Chapter 6 Drawing in Direct3D\Hills\Debug\link.command.1.tlog
F:\EBook\d3d11CodeSet1\Chapter 6 Drawing in Direct3D\Hills\Debug\link.read.1.tlog
F:\EBook\d3d11CodeSet1\Chapter 6 Drawing in Direct3D\Hills\Debug\link.write.1.tlog
F:\EBOOK\D3D11CODESET1\CHAPTER 6 DRAWING IN DIRECT3D\HILLS\DEBUG\MATHHELPER.OBJ
F:\EBook\d3d11CodeSet1\Chapter 6 Drawing in Direct3D\Hills\Debug\rc.command.1.tlog
F:\EBook\d3d11CodeSet1\Chapter 6 Drawing in Direct3D\Hills\Debug\rc.read.1.tlog
F:\EBook\d3d11CodeSet1\Chapter 6 Drawing in Direct3D\Hills\Debug\rc.write.1.tlog
F:\EBook\d3d11CodeSet1\Chapter 6 Drawing in Direct3D\Hills\Debug\vc100.idb
F:\EBOOK\D3D11CODESET1\CHAPTER 6 DRAWING IN DIRECT3D\HILLS\DEBUG\VC100.PDB
F:\EBOOK\D3D11CODESET1\CHAPTER 6 DRAWING IN DIRECT3D\HILLS\FX\COLOR.FXO
