生成启动时间为 2017/11/8 19:43:05。
     1>项目“F:\EBook\d3d11CodeSet1\Chapter 6 Drawing in Direct3D\Hills\Hills.vcxproj”在节点 2 上(build 个目标)。
     1>InitializeBuildStatus:
         正在创建“Debug\Hills.unsuccessfulbuild”，因为已指定“AlwaysCreate”。
       CustomBuild:
         所有输出均为最新。
       ClCompile:
         所有输出均为最新。
       ManifestResourceCompile:
         所有输出均为最新。
       Link:
         所有输出均为最新。
       Manifest:
         所有输出均为最新。
       FinalizeBuildStatus:
         正在删除文件“Debug\Hills.unsuccessfulbuild”。
         正在对“Debug\Hills.lastbuildstate”执行 Touch 任务。
     1>已完成生成项目“F:\EBook\d3d11CodeSet1\Chapter 6 Drawing in Direct3D\Hills\Hills.vcxproj”(build 个目标)的操作。

生成成功。

已用时间 00:00:00.05
