生成启动时间为 2017/12/5 10:57:12。
     1>项目“F:\EBook\d3d11CodeSet1\Chapter 6 Drawing in Direct3D\Waves\Waves.vcxproj”在节点 2 上(build 个目标)。
     1>InitializeBuildStatus:
         正在创建“Debug\Waves.unsuccessfulbuild”，因为已指定“AlwaysCreate”。
       CustomBuild:
         所有输出均为最新。
       ClCompile:
         C:\Program Files (x86)\Microsoft Visual Studio 10.0\VC\bin\CL.exe /c /ZI /nologo /W3 /WX- /Od /Oy- /D WIN32 /D _DEBUG /D _WINDOWS /D _UNICODE /D UNICODE /Gm /EHsc /RTC1 /MDd /GS /fp:precise /Zc:wchar_t /Zc:forScope /Fo"Debug\\" /Fd"Debug\vc100.pdb" /Gd /TP /analyze- /errorReport:prompt WavesDemo.cpp
         WavesDemo.cpp
       ManifestResourceCompile:
         所有输出均为最新。
       Link:
         C:\Program Files (x86)\Microsoft Visual Studio 10.0\VC\bin\link.exe /ERRORREPORT:PROMPT /OUT:"F:\EBook\d3d11CodeSet1\Chapter 6 Drawing in Direct3D\Waves\Debug\Waves.exe" /INCREMENTAL /NOLOGO d3d11.lib d3dx11d.lib D3DCompiler.lib Effects11d.lib dxerr.lib dxgi.lib dxguid.lib kernel32.lib user32.lib gdi32.lib winspool.lib comdlg32.lib advapi32.lib shell32.lib ole32.lib oleaut32.lib uuid.lib odbc32.lib odbccp32.lib /MANIFEST /ManifestFile:"Debug\Waves.exe.intermediate.manifest" /MANIFESTUAC:"level='asInvoker' uiAccess='false'" /DEBUG /PDB:"F:\EBook\d3d11CodeSet1\Chapter 6 Drawing in Direct3D\Waves\Debug\Waves.pdb" /SUBSYSTEM:WINDOWS /TLBID:1 /DYNAMICBASE /NXCOMPAT /IMPLIB:"F:\EBook\d3d11CodeSet1\Chapter 6 Drawing in Direct3D\Waves\Debug\Waves.lib" /MACHINE:X86 Debug\Waves.exe.embed.manifest.res
         Debug\d3dApp.obj
         Debug\d3dUtil.obj
         Debug\GameTimer.obj
         Debug\GeometryGenerator.obj
         Debug\MathHelper.obj
         Debug\Waves.obj
         Debug\WavesDemo.obj
       Manifest:
         C:\Program Files (x86)\Microsoft SDKs\Windows\v7.0A\bin\mt.exe /nologo /verbose /out:"Debug\Waves.exe.embed.manifest" /manifest Debug\Waves.exe.intermediate.manifest
         所有输出均为最新。
       LinkEmbedManifest:
         所有输出均为最新。
         Waves.vcxproj -> F:\EBook\d3d11CodeSet1\Chapter 6 Drawing in Direct3D\Waves\Debug\Waves.exe
       FinalizeBuildStatus:
         正在删除文件“Debug\Waves.unsuccessfulbuild”。
         正在对“Debug\Waves.lastbuildstate”执行 Touch 任务。
     1>已完成生成项目“F:\EBook\d3d11CodeSet1\Chapter 6 Drawing in Direct3D\Waves\Waves.vcxproj”(build 个目标)的操作。

生成成功。

已用时间 00:00:01.52
